<?xml version="1.0" encoding="UTF-8"?>
<testsuite name="RunCukes" time="2.357" tests="40" errors="0" skipped="7" failures="0">
  <properties>
[...]
</properties>
  <testcase name="Given I am on television landing page" classname="Scenario: Verify I can only add maximum 4 tv’s for comparison" time="0.002"/>
  <testcase name="And I have at least 5 televisions listed" classname="Scenario: Verify I can only add maximum 4 tv’s for comparison" time="0"/>
  <testcase name="And I have added 4 televisions to comparison" classname="Scenario: Verify I can only add maximum 4 tv’s for comparison" time="0"/>
  <testcase name="When I attempt to add an another one" classname="Scenario: Verify I can only add maximum 4 tv’s for comparison" time="0"/>
  <testcase name="Then I should see &quot;You already have 4 products for comparison&quot;" classname="Scenario: Verify I can only add maximum 4 tv’s for comparison" time="0"/>
  <testcase name="Scenario: Verify I can only add maximum 4 tv’s for comparison" classname="Scenario: Verify I can only add maximum 4 tv’s for comparison" time="1.36"/>
  <testcase name="Given I am on television landing page" classname="| samsung |" time="0"/>
  <testcase name="When I filter for &quot;samsung&quot;" classname="| samsung |" time="0"/>
  <testcase name="Then I should only see &quot;samsung&quot; televisions" classname="| samsung |" time="0"/>
  <testcase name="| samsung |" classname="| samsung |" time="0.151"/>
  <testcase name="Given I am on television landing page" classname="| sony |" time="0"/>
  <testcase name="When I filter for &quot;sony&quot;" classname="| sony |" time="0"/>
  <testcase name="Then I should only see &quot;sony&quot; televisions" classname="| sony |" time="0"/>
  <testcase name="| sony |" classname="| sony |" time="0.218"/>
  <testcase name="Given I am on television landing page" classname="Scenario: Verify ClearAll button clears the filters" time="0"/>
  <testcase name="And I note televisions count" classname="Scenario: Verify ClearAll button clears the filters" time="0"/>
  <testcase name="When I filter for &quot;samsung&quot;" classname="Scenario: Verify ClearAll button clears the filters" time="0"/>
  <testcase name="Then it filters" classname="Scenario: Verify ClearAll button clears the filters" time="0"/>
  <testcase name="When I clearAll the filter" classname="Scenario: Verify ClearAll button clears the filters" time="0"/>
  <testcase name="Then I should see original television count" classname="Scenario: Verify ClearAll button clears the filters" time="0"/>
  <testcase name="Scenario: Verify ClearAll button clears the filters" classname="Scenario: Verify ClearAll button clears the filters" time="0.209"/>
  <testcase name="Given I am on television landing page" classname="Scenario: Verify sort works for price low to high" time="0"/>
  <testcase name="When I sort &quot;Price (low to high)&quot;" classname="Scenario: Verify sort works for price low to high" time="0"/>
  <testcase name="Then I should see televisions sorted from low to high" classname="Scenario: Verify sort works for price low to high" time="0"/>
  <testcase name="Scenario: Verify sort works for price low to high" classname="Scenario: Verify sort works for price low to high" time="0.203"/>
  <testcase name="Given I am on television landing page" classname="Scenario: Verify default sort of Most-recently tested first" time="0"/>
  <testcase name="Then I should see &quot;Most-recently tested&quot; selected by default" classname="Scenario: Verify default sort of Most-recently tested first" time="0"/>
  <testcase name="And I should see the lastly tested televisions first" classname="Scenario: Verify default sort of Most-recently tested first" time="0.001"/>
  <testcase name="Scenario: Verify default sort of Most-recently tested first" classname="Scenario: Verify default sort of Most-recently tested first" time="0.212"/>
  <testcase name="Given I am on television landing page" classname="Scenario: Verify multiple filters" time="0.001"/>
  <testcase name="And I filter for “samsung”" classname="Scenario: Verify multiple filters" time="0">
    <skipped/>
    <system-out><![CDATA[
  Background:                             &amp#27;[90m# features/televisions.feature:3&amp#27;[0m
    &amp#27;[32mGiven &amp#27;[0m&amp#27;[32mI am on television landing page&amp#27;[0m &amp#27;[90m# MyStepdefs.iAmOnTelevisionLandingPage()&amp#27;[0m
]]></system-out>
  </testcase>
  <testcase name="And I filter for “Full HD”" classname="Scenario: Verify multiple filters" time="0">
    <skipped/>
  </testcase>
  <testcase name="Then I should see only samsung Full HD televisions" classname="Scenario: Verify multiple filters" time="0">
    <skipped/>
  </testcase>
  <testcase name="Scenario: Verify multiple filters" classname="Scenario: Verify multiple filters" time="0">
    <skipped/>
    <system-err><![CDATA[1494770768296	Marionette	INFO	New connections will no longer be accepted
]]></system-err>
  </testcase>
  <testcase name="Scenario: Verify multiple filters" classname="Scenario: Verify multiple filters" time="0.189"/>
  <testcase name="Given I am on television landing page" classname="Scenario: Show More button shows all available filter options" time="0"/>
  <testcase name="And I click on “Show more” under “Brands”" classname="Scenario: Show More button shows all available filter options" time="0">
    <skipped/>
    <system-out><![CDATA[
  Background:                             &amp#27;[90m# features/televisions.feature:3&amp#27;[0m
    &amp#27;[32mGiven &amp#27;[0m&amp#27;[32mI am on television landing page&amp#27;[0m &amp#27;[90m# MyStepdefs.iAmOnTelevisionLandingPage()&amp#27;[0m
]]></system-out>
  </testcase>
  <testcase name="Then I should see all the brands for filtering" classname="Scenario: Show More button shows all available filter options" time="0">
    <skipped/>
  </testcase>
  <testcase name="Scenario: Show More button shows all available filter options" classname="Scenario: Show More button shows all available filter options" time="0">
    <skipped/>
    <system-err><![CDATA[1494770778043	Marionette	INFO	New connections will no longer be accepted
]]></system-err>
  </testcase>
  <testcase name="Scenario: Show More button shows all available filter options" classname="Scenario: Show More button shows all available filter options" time="0.217"/>
</testsuite>