<?xml version="1.0" encoding="UTF-8"?><testsuite errors="0" failures="0" name="Verify the functionality of television landing page" skipped="2" tests="8" time="204.57" timestamp="2017-05-134 03:02:51"><testcase name="Verify I can only add maximum 4 tv’s for comparison"/><testcase name="Verify filter for brands"/><testcase name="Verify ClearAll button clears the filters"/><testcase name="Verify sort works for price low to high"/><testcase name="Verify default sort of Most-recently tested first"/><testcase name="Verify multiple filters"><skipped/></testcase><testcase name="Show More button shows all available filter options"><skipped/></testcase></testsuite>